<?xml version="1.0" encoding="UTF-8"?>
<!-- Generated by org.testng.reporters.JUnitReportReporter -->
<testsuite hostname="DESKTOP-UA7G0ND" failures="0" tests="3" name="codewithharry.tests.SubmitCartTest" time="18.989" errors="0" timestamp="2024-05-28T19:07:24 IST" skipped="0">
  <testcase classname="codewithharry.tests.SubmitCartTest" name="submitCart" time="7.316"/>
  <testcase classname="codewithharry.tests.SubmitCartTest" name="submitCart" time="6.367"/>
  <testcase classname="codewithharry.tests.SubmitCartTest" name="OrderConfirmed" time="5.306"/>
</testsuite> <!-- codewithharry.tests.SubmitCartTest -->
