<?xml version="1.0" encoding="UTF-8"?>
<!-- Generated by org.testng.reporters.JUnitReportReporter -->
<testsuite hostname="DESKTOP-UA7G0ND" failures="0" tests="3" name="codewithharry.tests.SubmitCartTest" time="25.254" errors="0" timestamp="2024-06-26T11:57:31 IST" skipped="0">
  <testcase classname="codewithharry.tests.SubmitCartTest" name="submitCart" time="11.144"/>
  <testcase classname="codewithharry.tests.SubmitCartTest" name="submitCart" time="11.179"/>
  <testcase classname="codewithharry.tests.SubmitCartTest" name="OrderConfirmed" time="2.931"/>
</testsuite> <!-- codewithharry.tests.SubmitCartTest -->
